2023,08,08,	:03:02:39	75795b99-1702-46ef-8bfe-6a3d23a5b92a	GET	/	undefined
2023,08,08,	:03:02:39	37853d83-2e52-432f-be80-4f5b96a20ed2	GET	/css/style.css	undefined
2023,08,08,	:03:29:03	8430c845-6636-4369-baca-fe43986bbe50	GET	/	undefined
2023,08,08,	:03:45:15	39f38bd9-95e4-4e8d-a4a7-3f22f60e24da	GET	/	undefined
2023,08,08,	:03:45:57	9069aaa7-29a5-4014-8d1e-7e20de8a1b32	GET	/	undefined
2023,08,08,	:03:45:57	bdb919bf-e09b-4526-9b76-6e1adf27f0f5	GET	/css/style.css	undefined
2023,08,08,	:03:46:01	9297f566-204a-4eb8-92f5-c246f4c02291	GET	/	undefined
2023,08,08,	:03:46:52	1c13b36e-4913-4145-b771-6208c0199004	OPTIONS	/	https://www.google.com
2023,08,08,	:03:46:52	a5db4d49-c4c9-46d1-88e9-8c462cc0f403	GET	/	https://www.google.com
2023,08,08,	:03:47:09	79146059-df9e-4264-ac47-793cbad30e6f	GET	/	undefined
2023,08,08,	:03:47:16	8bd7ef5b-49ee-4ffc-89c6-f04cbe8422bc	OPTIONS	/	https://www.google.com
2023,08,08,	:03:47:16	01938f07-6a36-4f3b-ad2c-fb792a722b5c	GET	/	https://www.google.com
2023,08,08,	:03:49:49	16406f67-9e8d-44c1-933a-49baad8b23d2	OPTIONS	/	https://www.google.com
2023,08,08,	:03:49:49	7548947b-45b3-4c00-bdc4-da6aa3b9e250	GET	/	https://www.google.com
2023,08,08,	:03:52:00	958f676e-cd30-4843-a325-4f7a049cf2f4	OPTIONS	/	https://www.google.com
2023,08,08,	:03:52:00	575245ac-65da-42d8-8dd6-df34685f39d1	GET	/	https://www.google.com
2023,08,08,	:03:52:03	ef322136-54ff-4bcf-81ea-1e5b8aeaa635	OPTIONS	/	https://www.google.com
2023,08,08,	:03:52:03	89d0da96-1cdb-46ad-a0ba-8fe25218689e	GET	/	https://www.google.com
2023,08,08,	:07:01:17	233af1e0-c48d-4780-a104-52b08ebeea23	GET	/	http://127.0.0.1:5500
2023,08,08,	:07:02:24	97371205-f071-4e20-9817-5d51be823a9e	GET	/	http://127.0.0.1:5500
2023,08,09,	:08:24:49	595c71c9-5655-4d0a-baad-fd40a65b86c9	GET	/	undefined
2023,08,09,	:08:25:04	304613df-1021-4093-8a3c-a42b0fc62b81	GET	/users	undefined
2023,08,09,	:08:26:25	15ff8370-1551-41a8-9dd6-2a96f727b7bf	POST	/users	undefined
2023,08,09,	:08:26:40	68dbfdaf-de4d-41e7-897b-585878b49154	POST	/users	undefined
2023,08,09,	:08:28:01	7741064a-f426-4b8b-ad86-3e2f4b961951	GET	/users	undefined
2023,08,09,	:21:53:17	c82f69b2-22f0-4ace-9f13-056738d4f660	GET	/users	undefined
2023,08,09,	:21:56:55	623a34bb-4812-41a5-a8ca-f69b234e207a	POST	/	undefined
2023,08,09,	:21:57:06	9107403c-38fa-47d4-a2b4-7ac441560c0e	POST	/users	undefined
2023,08,09,	:21:57:17	094fcf90-e32f-48d3-9096-eaa903f17b05	POST	/users	undefined
2023,08,09,	:21:57:20	c501dc4f-2fd2-452c-aa87-70fd8dd19bdd	POST	/users	undefined
2023,08,09,	:21:57:27	078e42b9-44eb-4cc9-8b86-4fc359aa699b	POST	/users	undefined
2023,08,09,	:21:57:56	f3912e9b-f5d6-4a46-b0f0-1370166edc1a	GET	/users	undefined
2023,08,10,	:00:48:22	4e1740f5-dfe6-47c7-baf1-42161af4685b	GET	/users	undefined
2023,08,10,	:00:48:39	860aa603-0fd6-40e1-817e-6fe15476c854	PATCH	/users	undefined
2023,08,10,	:00:49:16	f9cb519f-ff80-4303-afc7-e4f3c1af8a16	PATCH	/users	undefined
2023,08,10,	:00:49:22	393b82bb-d0a2-4283-aeca-a11d95b55ccc	PATCH	/users	undefined
2023,08,10,	:00:49:48	85f65a85-2097-422f-89ac-fbbf4dc10d08	GET	/users	undefined
2023,08,10,	:00:50:07	8070782b-747a-4547-9458-b5033332225f	PATCH	/users	undefined
2023,08,10,	:00:50:23	4428d066-2a7b-444b-b40a-affcb9b45382	PATCH	/users	undefined
2023,08,10,	:00:55:13	a896feeb-8a60-4020-9949-3efc49e8fa7a	PATCH	/users	undefined
2023,08,10,	:01:05:29	d9d73f14-d71b-4f8f-b5f6-a936978c69d5	PATCH	/users	undefined
2023,08,10,	:01:06:02	944aed76-8f33-4694-b5d3-57230395a8e8	PATCH	/users	undefined
2023,08,10,	:01:07:43	63f2551d-0de0-4642-87e2-eba4d3e535d5	PATCH	/users	undefined
2023,08,10,	:01:08:28	a149cafc-aa90-4ef4-a557-a4d2d09e738d	GET	/users	undefined
2023,08,10,	:01:08:32	2491b52e-a5ef-4eb0-9c62-dda1cbbbee14	PATCH	/users	undefined
2023,08,10,	:01:09:50	07b285cf-a36f-4a7f-bfe0-c3bd707df91c	PATCH	/users	undefined
2023,08,10,	:01:10:00	1d13e7d1-1e9e-4d56-98f8-6185e726fe55	PATCH	/users	undefined
2023,08,10,	:01:15:41	c59174cc-f34c-4ee3-a235-0b2e0fe62d9a	PATCH	/users	undefined
2023,08,10,	:01:16:33	8681af1e-2576-4255-a794-0c47bfcf9d11	PATCH	/users	undefined
2023,08,10,	:01:16:47	2e304381-0867-47e2-82d4-3be6bd69d9fb	GET	/users	undefined
2023,08,10,	:01:17:07	f9c97fbe-c1b1-448a-9707-c447fe9c5c63	PATCH	/users	undefined
2023,08,10,	:01:17:18	f0636324-a9e8-4a72-be1c-dd0bb566de40	PATCH	/users	undefined
2023,08,10,	:01:20:08	b955673d-3010-417d-b2af-0a80e10b53de	GET	/users	undefined
2023,08,10,	:01:20:33	d528ff18-5097-4442-9c3e-cdbe25bf7ce3	PATCH	/users	undefined
2023,08,10,	:01:20:42	2cf708dc-9f5d-4fd0-a95c-7cbebf4fde59	GET	/users	undefined
2023,08,10,	:01:20:55	2efe31e8-9628-49aa-ac37-a026c796348e	PATCH	/users	undefined
2023,08,10,	:01:21:01	d698ec8c-8b5f-4695-a845-8ce2133d1539	GET	/users	undefined
2023,08,10,	:01:22:23	2677c587-8e24-4ea6-963a-61862fec3d5e	DELETE	/users	undefined
2023,08,10,	:01:23:18	2a9e4746-255f-4559-9ba5-37bd382b68fb	DELETE	/users	undefined
2023,08,10,	:01:25:56	9e611ff2-9a5a-49fe-881b-0b9adf0ca343	DELETE	/users	undefined
2023,08,10,	:01:26:02	2bff9f9c-e495-4dd6-9055-c701802d95af	DELETE	/users	undefined
2023,08,10,	:01:30:47	4b043a25-86dd-41ee-bff3-53668370dc48	DELETE	/users	undefined
2023,08,10,	:01:34:24	3801c9b5-7061-4049-9de4-10225adf0448	DELETE	/users	undefined
